This file contains any messages produced by compilers while
running configure, to aid debugging if configure makes a mistake.

It was created by configure, which was
generated by GNU Autoconf 2.69.  Invocation command line was

  $ ./configure --host=x86_64-pc-linux-gnu --disable-dependency-tracking --prefix=/home/drakelv/ivy/depends/x86_64-pc-linux-gnu/native CC=gcc CXX=g++ NM=nm RANLIB=ranlib AR=ar CPPFLAGS=-I/home/drakelv/ivy/depends/x86_64-pc-linux-gnu/native/include     LDFLAGS=-L/home/drakelv/ivy/depends/x86_64-pc-linux-gnu/native/lib    

## --------- ##
## Platform. ##
## --------- ##

hostname = ubuntu
uname -m = x86_64
uname -r = 4.13.0-36-generic
uname -s = Linux
uname -v = #40~16.04.1-Ubuntu SMP Fri Feb 16 23:25:58 UTC 2018

/usr/bin/uname -p = unknown
/bin/uname -X     = unknown

/bin/arch              = unknown
/usr/bin/arch -k       = unknown
/usr/convex/getsysinfo = unknown
/usr/bin/hostinfo      = unknown
/bin/machine           = unknown
/usr/bin/oslevel       = unknown
/bin/universe          = unknown

PATH: /home/drakelv/ivy/depends/x86_64-pc-linux-gnu/native/bin
PATH: /home/drakelv/bin
PATH: /home/drakelv/.local/bin
PATH: /usr/local/sbin
PATH: /usr/local/bin
PATH: /usr/sbin
PATH: /usr/bin
PATH: /sbin
PATH: /bin
PATH: /usr/games
PATH: /usr/local/games
PATH: /snap/bin


## ----------- ##
## Core tests. ##
## ----------- ##

configure:2219: Configuring ccache
configure:2258: checking build system type
configure:2272: result: x86_64-unknown-linux-gnu
configure:2292: checking host system type
configure:2305: result: x86_64-pc-linux-gnu
configure:2347: checking for x86_64-pc-linux-gnu-gcc
configure:2374: result: gcc
configure:2643: checking for C compiler version
configure:2652: gcc --version >&5
gcc (Ubuntu 5.4.0-6ubuntu1~16.04.9) 5.4.0 20160609
Copyright (C) 2015 Free Software Foundation, Inc.
This is free software; see the source for copying conditions.  There is NO
warranty; not even for MERCHANTABILITY or FITNESS FOR A PARTICULAR PURPOSE.

configure:2663: $? = 0
configure:2652: gcc -v >&5
Using built-in specs.
COLLECT_GCC=gcc
COLLECT_LTO_WRAPPER=/usr/lib/gcc/x86_64-linux-gnu/5/lto-wrapper
Target: x86_64-linux-gnu
Configured with: ../src/configure -v --with-pkgversion='Ubuntu 5.4.0-6ubuntu1~16.04.9' --with-bugurl=file:///usr/share/doc/gcc-5/README.Bugs --enable-languages=c,ada,c++,java,go,d,fortran,objc,obj-c++ --prefix=/usr --program-suffix=-5 --enable-shared --enable-linker-build-id --libexecdir=/usr/lib --without-included-gettext --enable-threads=posix --libdir=/usr/lib --enable-nls --with-sysroot=/ --enable-clocale=gnu --enable-libstdcxx-debug --enable-libstdcxx-time=yes --with-default-libstdcxx-abi=new --enable-gnu-unique-object --disable-vtable-verify --enable-libmpx --enable-plugin --with-system-zlib --disable-browser-plugin --enable-java-awt=gtk --enable-gtk-cairo --with-java-home=/usr/lib/jvm/java-1.5.0-gcj-5-amd64/jre --enable-java-home --with-jvm-root-dir=/usr/lib/jvm/java-1.5.0-gcj-5-amd64 --with-jvm-jar-dir=/usr/lib/jvm-exports/java-1.5.0-gcj-5-amd64 --with-arch-directory=amd64 --with-ecj-jar=/usr/share/java/eclipse-ecj.jar --enable-objc-gc --enable-multiarch --disable-werror --with-arch-32=i686 --with-abi=m64 --with-multilib-list=m32,m64,mx32 --enable-multilib --with-tune=generic --enable-checking=release --build=x86_64-linux-gnu --host=x86_64-linux-gnu --target=x86_64-linux-gnu
Thread model: posix
gcc version 5.4.0 20160609 (Ubuntu 5.4.0-6ubuntu1~16.04.9) 
configure:2663: $? = 0
configure:2652: gcc -V >&5
gcc: error: unrecognized command line option '-V'
gcc: fatal error: no input files
compilation terminated.
configure:2663: $? = 1
configure:2652: gcc -qversion >&5
gcc: error: unrecognized command line option '-qversion'
gcc: fatal error: no input files
compilation terminated.
configure:2663: $? = 1
configure:2683: checking whether the C compiler works
configure:2705: gcc  -I/home/drakelv/ivy/depends/x86_64-pc-linux-gnu/native/include     -L/home/drakelv/ivy/depends/x86_64-pc-linux-gnu/native/lib     conftest.c  >&5
configure:2709: $? = 0
configure:2757: result: yes
configure:2760: checking for C compiler default output file name
configure:2762: result: a.out
configure:2768: checking for suffix of executables
configure:2775: gcc -o conftest  -I/home/drakelv/ivy/depends/x86_64-pc-linux-gnu/native/include     -L/home/drakelv/ivy/depends/x86_64-pc-linux-gnu/native/lib     conftest.c  >&5
configure:2779: $? = 0
configure:2801: result: 
configure:2823: checking whether we are cross compiling
configure:2831: gcc -o conftest  -I/home/drakelv/ivy/depends/x86_64-pc-linux-gnu/native/include     -L/home/drakelv/ivy/depends/x86_64-pc-linux-gnu/native/lib     conftest.c  >&5
configure:2835: $? = 0
configure:2842: ./conftest
configure:2846: $? = 0
configure:2861: result: no
configure:2866: checking for suffix of object files
configure:2888: gcc -c  -I/home/drakelv/ivy/depends/x86_64-pc-linux-gnu/native/include     conftest.c >&5
configure:2892: $? = 0
configure:2913: result: o
configure:2917: checking whether we are using the GNU C compiler
configure:2936: gcc -c  -I/home/drakelv/ivy/depends/x86_64-pc-linux-gnu/native/include     conftest.c >&5
configure:2936: $? = 0
configure:2945: result: yes
configure:2954: checking whether gcc accepts -g
configure:2974: gcc -c -g -I/home/drakelv/ivy/depends/x86_64-pc-linux-gnu/native/include     conftest.c >&5
configure:2974: $? = 0
configure:3015: result: yes
configure:3032: checking for gcc option to accept ISO C89
configure:3095: gcc  -c -g -O2 -I/home/drakelv/ivy/depends/x86_64-pc-linux-gnu/native/include     conftest.c >&5
configure:3095: $? = 0
configure:3108: result: none needed
configure:3133: checking how to run the C preprocessor
configure:3164: gcc -E -I/home/drakelv/ivy/depends/x86_64-pc-linux-gnu/native/include     conftest.c
configure:3164: $? = 0
configure:3178: gcc -E -I/home/drakelv/ivy/depends/x86_64-pc-linux-gnu/native/include     conftest.c
conftest.c:9:28: fatal error: ac_nonexistent.h: No such file or directory
compilation terminated.
configure:3178: $? = 1
configure: failed program was:
| /* confdefs.h */
| #define PACKAGE_NAME ""
| #define PACKAGE_TARNAME ""
| #define PACKAGE_VERSION ""
| #define PACKAGE_STRING ""
| #define PACKAGE_BUGREPORT ""
| #define PACKAGE_URL ""
| /* end confdefs.h.  */
| #include <ac_nonexistent.h>
configure:3203: result: gcc -E
configure:3223: gcc -E -I/home/drakelv/ivy/depends/x86_64-pc-linux-gnu/native/include     conftest.c
configure:3223: $? = 0
configure:3237: gcc -E -I/home/drakelv/ivy/depends/x86_64-pc-linux-gnu/native/include     conftest.c
conftest.c:9:28: fatal error: ac_nonexistent.h: No such file or directory
compilation terminated.
configure:3237: $? = 1
configure: failed program was:
| /* confdefs.h */
| #define PACKAGE_NAME ""
| #define PACKAGE_TARNAME ""
| #define PACKAGE_VERSION ""
| #define PACKAGE_STRING ""
| #define PACKAGE_BUGREPORT ""
| #define PACKAGE_URL ""
| /* end confdefs.h.  */
| #include <ac_nonexistent.h>
configure:3279: checking for a BSD-compatible install
configure:3347: result: /usr/bin/install -c
configure:3361: checking for x86_64-pc-linux-gnu-ranlib
configure:3388: result: ranlib
configure:3453: checking for x86_64-pc-linux-gnu-ar
configure:3480: result: ar
configure:3717: checking for dirent.h that defines DIR
configure:3736: gcc -c -g -O2 -Wall -W -I/home/drakelv/ivy/depends/x86_64-pc-linux-gnu/native/include     conftest.c >&5
configure:3736: $? = 0
configure:3744: result: yes
configure:3757: checking for library containing opendir
configure:3788: gcc -o conftest -g -O2 -Wall -W -I/home/drakelv/ivy/depends/x86_64-pc-linux-gnu/native/include     -L/home/drakelv/ivy/depends/x86_64-pc-linux-gnu/native/lib     conftest.c  >&5
configure:3788: $? = 0
configure:3805: result: none required
configure:3872: checking whether time.h and sys/time.h may both be included
configure:3892: gcc -c -g -O2 -Wall -W -I/home/drakelv/ivy/depends/x86_64-pc-linux-gnu/native/include     conftest.c >&5
configure:3892: $? = 0
configure:3899: result: yes
configure:3908: checking for grep that handles long lines and -e
configure:3966: result: /bin/grep
configure:3971: checking for egrep
configure:4033: result: /bin/grep -E
configure:4038: checking for ANSI C header files
configure:4058: gcc -c -g -O2 -Wall -W -I/home/drakelv/ivy/depends/x86_64-pc-linux-gnu/native/include     conftest.c >&5
configure:4058: $? = 0
configure:4131: gcc -o conftest -g -O2 -Wall -W -I/home/drakelv/ivy/depends/x86_64-pc-linux-gnu/native/include     -L/home/drakelv/ivy/depends/x86_64-pc-linux-gnu/native/lib     conftest.c  >&5
configure:4131: $? = 0
configure:4131: ./conftest
configure:4131: $? = 0
configure:4142: result: yes
configure:4155: checking for sys/types.h
configure:4155: gcc -c -g -O2 -Wall -W -I/home/drakelv/ivy/depends/x86_64-pc-linux-gnu/native/include     conftest.c >&5
configure:4155: $? = 0
configure:4155: result: yes
configure:4155: checking for sys/stat.h
configure:4155: gcc -c -g -O2 -Wall -W -I/home/drakelv/ivy/depends/x86_64-pc-linux-gnu/native/include     conftest.c >&5
configure:4155: $? = 0
configure:4155: result: yes
configure:4155: checking for stdlib.h
configure:4155: gcc -c -g -O2 -Wall -W -I/home/drakelv/ivy/depends/x86_64-pc-linux-gnu/native/include     conftest.c >&5
configure:4155: $? = 0
configure:4155: result: yes
configure:4155: checking for string.h
configure:4155: gcc -c -g -O2 -Wall -W -I/home/drakelv/ivy/depends/x86_64-pc-linux-gnu/native/include     conftest.c >&5
configure:4155: $? = 0
configure:4155: result: yes
configure:4155: checking for memory.h
configure:4155: gcc -c -g -O2 -Wall -W -I/home/drakelv/ivy/depends/x86_64-pc-linux-gnu/native/include     conftest.c >&5
configure:4155: $? = 0
configure:4155: result: yes
configure:4155: checking for strings.h
configure:4155: gcc -c -g -O2 -Wall -W -I/home/drakelv/ivy/depends/x86_64-pc-linux-gnu/native/include     conftest.c >&5
configure:4155: $? = 0
configure:4155: result: yes
configure:4155: checking for inttypes.h
configure:4155: gcc -c -g -O2 -Wall -W -I/home/drakelv/ivy/depends/x86_64-pc-linux-gnu/native/include     conftest.c >&5
configure:4155: $? = 0
configure:4155: result: yes
configure:4155: checking for stdint.h
configure:4155: gcc -c -g -O2 -Wall -W -I/home/drakelv/ivy/depends/x86_64-pc-linux-gnu/native/include     conftest.c >&5
configure:4155: $? = 0
configure:4155: result: yes
configure:4155: checking for unistd.h
configure:4155: gcc -c -g -O2 -Wall -W -I/home/drakelv/ivy/depends/x86_64-pc-linux-gnu/native/include     conftest.c >&5
configure:4155: $? = 0
configure:4155: result: yes
configure:4167: checking for stdbool.h that conforms to C99
configure:4234: gcc -c -g -O2 -Wall -W -I/home/drakelv/ivy/depends/x86_64-pc-linux-gnu/native/include     conftest.c >&5
conftest.c: In function 'main':
conftest.c:78:14: warning: the address of 's' will always evaluate as 'true' [-Waddress]
              bool e = &s;
              ^
conftest.c:82:22: warning: the address of 'a' will always evaluate as 'true' [-Waddress]
              return (!a + !b + !c + !d + !e + !f + !g + !h + !i + !!j + !k + !!l
                      ^
conftest.c:82:27: warning: the address of 'b' will always evaluate as 'true' [-Waddress]
              return (!a + !b + !c + !d + !e + !f + !g + !h + !i + !!j + !k + !!l
                           ^
conftest.c:82:32: warning: the address of 'c' will always evaluate as 'true' [-Waddress]
              return (!a + !b + !c + !d + !e + !f + !g + !h + !i + !!j + !k + !!l
                                ^
conftest.c:82:37: warning: the address of 'd' will always evaluate as 'true' [-Waddress]
              return (!a + !b + !c + !d + !e + !f + !g + !h + !i + !!j + !k + !!l
                                     ^
conftest.c:82:47: warning: the address of 'f' will always evaluate as 'true' [-Waddress]
              return (!a + !b + !c + !d + !e + !f + !g + !h + !i + !!j + !k + !!l
                                               ^
conftest.c:82:52: warning: the address of 'g' will always evaluate as 'true' [-Waddress]
              return (!a + !b + !c + !d + !e + !f + !g + !h + !i + !!j + !k + !!l
                                                    ^
conftest.c:82:57: warning: the address of 'h' will always evaluate as 'true' [-Waddress]
              return (!a + !b + !c + !d + !e + !f + !g + !h + !i + !!j + !k + !!l
                                                         ^
conftest.c:82:62: warning: the address of 'i' will always evaluate as 'true' [-Waddress]
              return (!a + !b + !c + !d + !e + !f + !g + !h + !i + !!j + !k + !!l
                                                              ^
conftest.c:83:29: warning: the address of 'n' will always evaluate as 'true' [-Waddress]
                             ^
conftest.c:83:34: warning: the address of 'o' will always evaluate as 'true' [-Waddress]
                                  ^
conftest.c:83:39: warning: the address of 'p' will always evaluate as 'true' [-Waddress]
                                       ^
configure:4234: $? = 0
configure:4241: result: yes
configure:4243: checking for _Bool
configure:4243: gcc -c -g -O2 -Wall -W -I/home/drakelv/ivy/depends/x86_64-pc-linux-gnu/native/include     conftest.c >&5
configure:4243: $? = 0
configure:4243: gcc -c -g -O2 -Wall -W -I/home/drakelv/ivy/depends/x86_64-pc-linux-gnu/native/include     conftest.c >&5
conftest.c: In function 'main':
conftest.c:65:20: error: expected expression before ')' token
 if (sizeof ((_Bool)))
                    ^
configure:4243: $? = 1
configure: failed program was:
| /* confdefs.h */
| #define PACKAGE_NAME ""
| #define PACKAGE_TARNAME ""
| #define PACKAGE_VERSION ""
| #define PACKAGE_STRING ""
| #define PACKAGE_BUGREPORT ""
| #define PACKAGE_URL ""
| #define _GNU_SOURCE 1
| #define _NETBSD_SOURCE 1
| #define __BSD_VISIBLE 1
| #define _BSD_TYPES 1
| #define _DARWIN_C_SOURCE 1
| #define _XOPEN_SOURCE 600
| #define _XOPEN_SOURCE_EXTENDED 1
| #define _POSIX_C_SOURCE 200112L
| #define HAVE_DIRENT_H 1
| #define TIME_WITH_SYS_TIME 1
| #define STDC_HEADERS 1
| #define HAVE_SYS_TYPES_H 1
| #define HAVE_SYS_STAT_H 1
| #define HAVE_STDLIB_H 1
| #define HAVE_STRING_H 1
| #define HAVE_MEMORY_H 1
| #define HAVE_STRINGS_H 1
| #define HAVE_INTTYPES_H 1
| #define HAVE_STDINT_H 1
| #define HAVE_UNISTD_H 1
| /* end confdefs.h.  */
| #include <stdio.h>
| #ifdef HAVE_SYS_TYPES_H
| # include <sys/types.h>
| #endif
| #ifdef HAVE_SYS_STAT_H
| # include <sys/stat.h>
| #endif
| #ifdef STDC_HEADERS
| # include <stdlib.h>
| # include <stddef.h>
| #else
| # ifdef HAVE_STDLIB_H
| #  include <stdlib.h>
| # endif
| #endif
| #ifdef HAVE_STRING_H
| # if !defined STDC_HEADERS && defined HAVE_MEMORY_H
| #  include <memory.h>
| # endif
| # include <string.h>
| #endif
| #ifdef HAVE_STRINGS_H
| # include <strings.h>
| #endif
| #ifdef HAVE_INTTYPES_H
| # include <inttypes.h>
| #endif
| #ifdef HAVE_STDINT_H
| # include <stdint.h>
| #endif
| #ifdef HAVE_UNISTD_H
| # include <unistd.h>
| #endif
| int
| main ()
| {
| if (sizeof ((_Bool)))
| 	    return 0;
|   ;
|   return 0;
| }
configure:4243: result: yes
configure:4260: checking for sys/wait.h that is POSIX.1 compatible
configure:4286: gcc -c -g -O2 -Wall -W -I/home/drakelv/ivy/depends/x86_64-pc-linux-gnu/native/include     conftest.c >&5
configure:4286: $? = 0
configure:4293: result: yes
configure:4302: checking for long long
configure:4302: gcc -c -g -O2 -Wall -W -I/home/drakelv/ivy/depends/x86_64-pc-linux-gnu/native/include     conftest.c >&5
configure:4302: $? = 0
configure:4302: gcc -c -g -O2 -Wall -W -I/home/drakelv/ivy/depends/x86_64-pc-linux-gnu/native/include     conftest.c >&5
conftest.c: In function 'main':
conftest.c:68:24: error: expected expression before ')' token
 if (sizeof ((long long)))
                        ^
configure:4302: $? = 1
configure: failed program was:
| /* confdefs.h */
| #define PACKAGE_NAME ""
| #define PACKAGE_TARNAME ""
| #define PACKAGE_VERSION ""
| #define PACKAGE_STRING ""
| #define PACKAGE_BUGREPORT ""
| #define PACKAGE_URL ""
| #define _GNU_SOURCE 1
| #define _NETBSD_SOURCE 1
| #define __BSD_VISIBLE 1
| #define _BSD_TYPES 1
| #define _DARWIN_C_SOURCE 1
| #define _XOPEN_SOURCE 600
| #define _XOPEN_SOURCE_EXTENDED 1
| #define _POSIX_C_SOURCE 200112L
| #define HAVE_DIRENT_H 1
| #define TIME_WITH_SYS_TIME 1
| #define STDC_HEADERS 1
| #define HAVE_SYS_TYPES_H 1
| #define HAVE_SYS_STAT_H 1
| #define HAVE_STDLIB_H 1
| #define HAVE_STRING_H 1
| #define HAVE_MEMORY_H 1
| #define HAVE_STRINGS_H 1
| #define HAVE_INTTYPES_H 1
| #define HAVE_STDINT_H 1
| #define HAVE_UNISTD_H 1
| #define HAVE__BOOL 1
| #define HAVE_STDBOOL_H 1
| #define HAVE_SYS_WAIT_H 1
| /* end confdefs.h.  */
| #include <stdio.h>
| #ifdef HAVE_SYS_TYPES_H
| # include <sys/types.h>
| #endif
| #ifdef HAVE_SYS_STAT_H
| # include <sys/stat.h>
| #endif
| #ifdef STDC_HEADERS
| # include <stdlib.h>
| # include <stddef.h>
| #else
| # ifdef HAVE_STDLIB_H
| #  include <stdlib.h>
| # endif
| #endif
| #ifdef HAVE_STRING_H
| # if !defined STDC_HEADERS && defined HAVE_MEMORY_H
| #  include <memory.h>
| # endif
| # include <string.h>
| #endif
| #ifdef HAVE_STRINGS_H
| # include <strings.h>
| #endif
| #ifdef HAVE_INTTYPES_H
| # include <inttypes.h>
| #endif
| #ifdef HAVE_STDINT_H
| # include <stdint.h>
| #endif
| #ifdef HAVE_UNISTD_H
| # include <unistd.h>
| #endif
| int
| main ()
| {
| if (sizeof ((long long)))
| 	    return 0;
|   ;
|   return 0;
| }
configure:4302: result: yes
configure:4316: checking ctype.h usability
configure:4316: gcc -c -g -O2 -Wall -W -I/home/drakelv/ivy/depends/x86_64-pc-linux-gnu/native/include     conftest.c >&5
configure:4316: $? = 0
configure:4316: result: yes
configure:4316: checking ctype.h presence
configure:4316: gcc -E -I/home/drakelv/ivy/depends/x86_64-pc-linux-gnu/native/include     conftest.c
configure:4316: $? = 0
configure:4316: result: yes
configure:4316: checking for ctype.h
configure:4316: result: yes
configure:4316: checking pwd.h usability
configure:4316: gcc -c -g -O2 -Wall -W -I/home/drakelv/ivy/depends/x86_64-pc-linux-gnu/native/include     conftest.c >&5
configure:4316: $? = 0
configure:4316: result: yes
configure:4316: checking pwd.h presence
configure:4316: gcc -E -I/home/drakelv/ivy/depends/x86_64-pc-linux-gnu/native/include     conftest.c
configure:4316: $? = 0
configure:4316: result: yes
configure:4316: checking for pwd.h
configure:4316: result: yes
configure:4316: checking for stdlib.h
configure:4316: result: yes
configure:4316: checking for string.h
configure:4316: result: yes
configure:4316: checking for strings.h
configure:4316: result: yes
configure:4316: checking sys/time.h usability
configure:4316: gcc -c -g -O2 -Wall -W -I/home/drakelv/ivy/depends/x86_64-pc-linux-gnu/native/include     conftest.c >&5
configure:4316: $? = 0
configure:4316: result: yes
configure:4316: checking sys/time.h presence
configure:4316: gcc -E -I/home/drakelv/ivy/depends/x86_64-pc-linux-gnu/native/include     conftest.c
configure:4316: $? = 0
configure:4316: result: yes
configure:4316: checking for sys/time.h
configure:4316: result: yes

## ---------------- ##
## Cache variables. ##
## ---------------- ##

ac_cv_build=x86_64-unknown-linux-gnu
ac_cv_c_compiler_gnu=yes
ac_cv_env_CC_set=set
ac_cv_env_CC_value=gcc
ac_cv_env_CFLAGS_set=
ac_cv_env_CFLAGS_value=
ac_cv_env_CPPFLAGS_set=set
ac_cv_env_CPPFLAGS_value='-I/home/drakelv/ivy/depends/x86_64-pc-linux-gnu/native/include    '
ac_cv_env_CPP_set=
ac_cv_env_CPP_value=
ac_cv_env_LDFLAGS_set=set
ac_cv_env_LDFLAGS_value='-L/home/drakelv/ivy/depends/x86_64-pc-linux-gnu/native/lib    '
ac_cv_env_LIBS_set=
ac_cv_env_LIBS_value=
ac_cv_env_build_alias_set=
ac_cv_env_build_alias_value=
ac_cv_env_host_alias_set=set
ac_cv_env_host_alias_value=x86_64-pc-linux-gnu
ac_cv_env_target_alias_set=
ac_cv_env_target_alias_value=
ac_cv_header_ctype_h=yes
ac_cv_header_dirent_dirent_h=yes
ac_cv_header_inttypes_h=yes
ac_cv_header_memory_h=yes
ac_cv_header_pwd_h=yes
ac_cv_header_stdbool_h=yes
ac_cv_header_stdc=yes
ac_cv_header_stdint_h=yes
ac_cv_header_stdlib_h=yes
ac_cv_header_string_h=yes
ac_cv_header_strings_h=yes
ac_cv_header_sys_stat_h=yes
ac_cv_header_sys_time_h=yes
ac_cv_header_sys_types_h=yes
ac_cv_header_sys_wait_h=yes
ac_cv_header_time=yes
ac_cv_header_unistd_h=yes
ac_cv_host=x86_64-pc-linux-gnu
ac_cv_objext=o
ac_cv_path_EGREP='/bin/grep -E'
ac_cv_path_GREP=/bin/grep
ac_cv_path_install='/usr/bin/install -c'
ac_cv_prog_AR=ar
ac_cv_prog_CC=gcc
ac_cv_prog_CPP='gcc -E'
ac_cv_prog_RANLIB=ranlib
ac_cv_prog_cc_c89=
ac_cv_prog_cc_g=yes
ac_cv_search_opendir='none required'
ac_cv_type__Bool=yes
ac_cv_type_long_long=yes

## ----------------- ##
## Output variables. ##
## ----------------- ##

AR='ar'
CC='gcc'
CFLAGS='-g -O2 -Wall -W'
CPP='gcc -E'
CPPFLAGS='-I/home/drakelv/ivy/depends/x86_64-pc-linux-gnu/native/include    '
DEFS=''
ECHO_C=''
ECHO_N='-n'
ECHO_T=''
EGREP='/bin/grep -E'
EXEEXT=''
GREP='/bin/grep'
INSTALL_DATA='${INSTALL} -m 644'
INSTALL_PROGRAM='${INSTALL}'
INSTALL_SCRIPT='${INSTALL}'
LDFLAGS='-L/home/drakelv/ivy/depends/x86_64-pc-linux-gnu/native/lib    '
LIBOBJS=''
LIBS=''
LTLIBOBJS=''
OBJEXT='o'
PACKAGE_BUGREPORT=''
PACKAGE_NAME=''
PACKAGE_STRING=''
PACKAGE_TARNAME=''
PACKAGE_URL=''
PACKAGE_VERSION=''
PATH_SEPARATOR=':'
RANLIB='ranlib'
SHELL='/bin/bash'
ac_ct_CC=''
bindir='${exec_prefix}/bin'
build='x86_64-unknown-linux-gnu'
build_alias=''
build_cpu='x86_64'
build_os='linux-gnu'
build_vendor='unknown'
datadir='${datarootdir}'
datarootdir='${prefix}/share'
docdir='${datarootdir}/doc/${PACKAGE}'
dvidir='${docdir}'
exec_prefix='NONE'
extra_libs=''
host='x86_64-pc-linux-gnu'
host_alias='x86_64-pc-linux-gnu'
host_cpu='x86_64'
host_os='linux-gnu'
host_vendor='pc'
htmldir='${docdir}'
include_dev_mk=''
includedir='${prefix}/include'
infodir='${datarootdir}/info'
libdir='${exec_prefix}/lib'
libexecdir='${exec_prefix}/libexec'
localedir='${datarootdir}/locale'
localstatedir='${prefix}/var'
mandir='${datarootdir}/man'
oldincludedir='/usr/include'
pdfdir='${docdir}'
prefix='/home/drakelv/ivy/depends/x86_64-pc-linux-gnu/native'
program_transform_name='s,x,x,'
psdir='${docdir}'
sbindir='${exec_prefix}/sbin'
sharedstatedir='${prefix}/com'
sysconfdir='${prefix}/etc'
target_alias=''
test_suites=''

## ----------- ##
## confdefs.h. ##
## ----------- ##

/* confdefs.h */
#define PACKAGE_NAME ""
#define PACKAGE_TARNAME ""
#define PACKAGE_VERSION ""
#define PACKAGE_STRING ""
#define PACKAGE_BUGREPORT ""
#define PACKAGE_URL ""
#define _GNU_SOURCE 1
#define _NETBSD_SOURCE 1
#define __BSD_VISIBLE 1
#define _BSD_TYPES 1
#define _DARWIN_C_SOURCE 1
#define _XOPEN_SOURCE 600
#define _XOPEN_SOURCE_EXTENDED 1
#define _POSIX_C_SOURCE 200112L
#define HAVE_DIRENT_H 1
#define TIME_WITH_SYS_TIME 1
#define STDC_HEADERS 1
#define HAVE_SYS_TYPES_H 1
#define HAVE_SYS_STAT_H 1
#define HAVE_STDLIB_H 1
#define HAVE_STRING_H 1
#define HAVE_MEMORY_H 1
#define HAVE_STRINGS_H 1
#define HAVE_INTTYPES_H 1
#define HAVE_STDINT_H 1
#define HAVE_UNISTD_H 1
#define HAVE__BOOL 1
#define HAVE_STDBOOL_H 1
#define HAVE_SYS_WAIT_H 1
#define HAVE_LONG_LONG 1
#define HAVE_CTYPE_H 1
#define HAVE_PWD_H 1
#define HAVE_STDLIB_H 1
#define HAVE_STRING_H 1
#define HAVE_STRINGS_H 1

configure: caught signal 2
configure: exit 1
